[335383.810] (--) Log file renamed from "/home/student/.local/share/xorg/Xorg.pid-22538.log" to "/home/student/.local/share/xorg/Xorg.0.log"
[335383.810] 
X.Org X Server 1.20.13
X Protocol Version 11, Revision 0
[335383.810] Build Operating System: linux Ubuntu
[335383.810] Current Operating System: Linux yu01edu-83 5.15.0-139-generic #149~20.04.1-Ubuntu SMP Wed Apr 16 08:29:56 UTC 2025 x86_64
[335383.810] Kernel command line: BOOT_IMAGE=/boot/vmlinuz-5.15.0-139-generic root=UUID=2546b597-7740-40a5-8dfe-244b694c09c8 ro quiet splash vt.handoff=7
[335383.810] Build Date: 19 February 2025  01:54:27PM
[335383.810] xorg-server 2:1.20.13-1ubuntu1~20.04.19 (For technical support please see http://www.ubuntu.com/support) 
[335383.810] Current version of pixman: 0.38.4
[335383.810] 	Before reporting problems, check http://wiki.x.org
	to make sure that you have the latest version.
[335383.810] Markers: (--) probed, (**) from config file, (==) default setting,
	(++) from command line, (!!) notice, (II) informational,
	(WW) warning, (EE) error, (NI) not implemented, (??) unknown.
[335383.810] (==) Log file: "/home/student/.local/share/xorg/Xorg.0.log", Time: Mon May  4 12:05:07 2026
[335383.811] (==) Using system config directory "/usr/share/X11/xorg.conf.d"
[335383.812] (==) No Layout section.  Using the first Screen section.
[335383.812] (==) No screen section available. Using defaults.
[335383.812] (**) |-->Screen "Default Screen Section" (0)
[335383.812] (**) |   |-->Monitor "<default monitor>"
[335383.812] (==) No monitor specified for screen "Default Screen Section".
	Using a default monitor configuration.
[335383.812] (==) Automatically adding devices
[335383.812] (==) Automatically enabling devices
[335383.812] (==) Automatically adding GPU devices
[335383.812] (==) Automatically binding GPU devices
[335383.812] (==) Max clients allowed: 256, resource mask: 0x1fffff
[335383.812] (WW) The directory "/usr/share/fonts/X11/cyrillic" does not exist.
[335383.812] 	Entry deleted from font path.
[335383.812] (WW) The directory "/usr/share/fonts/X11/100dpi/" does not exist.
[335383.812] 	Entry deleted from font path.
[335383.812] (WW) The directory "/usr/share/fonts/X11/75dpi/" does not exist.
[335383.812] 	Entry deleted from font path.
[335383.812] (WW) The directory "/usr/share/fonts/X11/100dpi" does not exist.
[335383.812] 	Entry deleted from font path.
[335383.812] (WW) The directory "/usr/share/fonts/X11/75dpi" does not exist.
[335383.812] 	Entry deleted from font path.
[335383.812] (==) FontPath set to:
	/usr/share/fonts/X11/misc,
	/usr/share/fonts/X11/Type1,
	built-ins
[335383.812] (==) ModulePath set to "/usr/lib/xorg/modules"
[335383.812] (II) The server relies on udev to provide the list of input devices.
	If no devices become available, reconfigure udev or disable AutoAddDevices.
[335383.812] (II) Loader magic: 0x556561c88020
[335383.812] (II) Module ABI versions:
[335383.812] 	X.Org ANSI C Emulation: 0.4
[335383.812] 	X.Org Video Driver: 24.1
[335383.812] 	X.Org XInput driver : 24.1
[335383.812] 	X.Org Server Extension : 10.0
[335383.813] (++) using VT number 2

[335383.814] (II) systemd-logind: took control of session /org/freedesktop/login1/session/_3175
[335383.816] (II) xfree86: Adding drm device (/dev/dri/card0)
[335383.817] (II) systemd-logind: got fd for /dev/dri/card0 226:0 fd 12 paused 0
[335383.819] (--) PCI:*(0@0:2:0) 8086:4682:17aa:3330 rev 12, Mem @ 0x6000000000/16777216, 0x4000000000/268435456, I/O @ 0x00003000/64, BIOS @ 0x????????/131072
[335383.819] (II) LoadModule: "glx"
[335383.819] (II) Loading /usr/lib/xorg/modules/extensions/libglx.so
[335383.821] (II) Module glx: vendor="X.Org Foundation"
[335383.821] 	compiled for 1.20.13, module version = 1.0.0
[335383.821] 	ABI class: X.Org Server Extension, version 10.0
[335383.821] (==) Matched modesetting as autoconfigured driver 0
[335383.821] (==) Matched fbdev as autoconfigured driver 1
[335383.821] (==) Matched vesa as autoconfigured driver 2
[335383.821] (==) Assigned the driver to the xf86ConfigLayout
[335383.821] (II) LoadModule: "modesetting"
[335383.821] (II) Loading /usr/lib/xorg/modules/drivers/modesetting_drv.so
[335383.822] (II) Module modesetting: vendor="X.Org Foundation"
[335383.822] 	compiled for 1.20.13, module version = 1.20.13
[335383.822] 	Module class: X.Org Video Driver
[335383.822] 	ABI class: X.Org Video Driver, version 24.1
[335383.822] (II) LoadModule: "fbdev"
[335383.822] (II) Loading /usr/lib/xorg/modules/drivers/fbdev_drv.so
[335383.822] (II) Module fbdev: vendor="X.Org Foundation"
[335383.822] 	compiled for 1.20.1, module version = 0.5.0
[335383.822] 	Module class: X.Org Video Driver
[335383.822] 	ABI class: X.Org Video Driver, version 24.0
[335383.822] (II) LoadModule: "vesa"
[335383.822] (II) Loading /usr/lib/xorg/modules/drivers/vesa_drv.so
[335383.823] (II) Module vesa: vendor="X.Org Foundation"
[335383.823] 	compiled for 1.20.4, module version = 2.4.0
[335383.823] 	Module class: X.Org Video Driver
[335383.823] 	ABI class: X.Org Video Driver, version 24.0
[335383.823] (II) modesetting: Driver for Modesetting Kernel Drivers: kms
[335383.823] (II) FBDEV: driver for framebuffer: fbdev
[335383.823] (II) VESA: driver for VESA chipsets: vesa
[335383.823] xf86EnableIOPorts: failed to set IOPL for I/O (Operation not permitted)
[335383.823] (II) modeset(0): using drv /dev/dri/card0
[335383.823] (WW) Falling back to old probe method for fbdev
[335383.823] (II) Loading sub module "fbdevhw"
[335383.823] (II) LoadModule: "fbdevhw"
[335383.823] (II) Loading /usr/lib/xorg/modules/libfbdevhw.so
[335383.823] (II) Module fbdevhw: vendor="X.Org Foundation"
[335383.823] 	compiled for 1.20.13, module version = 0.0.2
[335383.823] 	ABI class: X.Org Video Driver, version 24.1
[335383.823] (EE) open /dev/fb0: Permission denied
[335383.823] (WW) VGA arbiter: cannot open kernel arbiter, no multi-card support
[335383.823] (II) modeset(0): Creating default Display subsection in Screen section
	"Default Screen Section" for depth/fbbpp 24/32
[335383.823] (==) modeset(0): Depth 24, (==) framebuffer bpp 32
[335383.823] (==) modeset(0): RGB weight 888
[335383.823] (==) modeset(0): Default visual is TrueColor
[335383.823] (II) Loading sub module "glamoregl"
[335383.823] (II) LoadModule: "glamoregl"
[335383.824] (II) Loading /usr/lib/xorg/modules/libglamoregl.so
[335383.828] (II) Module glamoregl: vendor="X.Org Foundation"
[335383.828] 	compiled for 1.20.13, module version = 1.0.1
[335383.828] 	ABI class: X.Org ANSI C Emulation, version 0.4
[335383.845] (II) modeset(0): glamor X acceleration enabled on Mesa Intel(R) Graphics (ADL-S GT1)
[335383.845] (II) modeset(0): glamor initialized
[335383.845] (II) modeset(0): Output DP-1 has no monitor section
[335383.845] (II) modeset(0): Output HDMI-1 has no monitor section
[335383.845] (II) modeset(0): Output DP-2 has no monitor section
[335383.845] (II) modeset(0): Output HDMI-2 has no monitor section
[335383.867] (II) modeset(0): Output DP-3 has no monitor section
[335383.871] (II) modeset(0): Output HDMI-3 has no monitor section
[335383.871] (II) modeset(0): Output HDMI-4 has no monitor section
[335383.871] (II) modeset(0): EDID for output DP-1
[335383.871] (II) modeset(0): EDID for output HDMI-1
[335383.871] (II) modeset(0): EDID for output DP-2
[335383.871] (II) modeset(0): EDID for output HDMI-2
[335383.895] (II) modeset(0): EDID for output DP-3
[335383.895] (II) modeset(0): Manufacturer: LEN  Model: 63d4  Serial#: 1095577676
[335383.895] (II) modeset(0): Year: 2024  Week: 22
[335383.895] (II) modeset(0): EDID Version: 1.4
[335383.895] (II) modeset(0): Digital Display Input
[335383.895] (II) modeset(0): 10 bits per channel
[335383.895] (II) modeset(0): Digital interface is DisplayPort
[335383.895] (II) modeset(0): Max Image Size [cm]: horiz.: 80  vert.: 33
[335383.895] (II) modeset(0): Gamma: 2.20
[335383.895] (II) modeset(0): DPMS capabilities: Off
[335383.895] (II) modeset(0): Supported color encodings: RGB 4:4:4 YCrCb 4:4:4 YCrCb 4:2:2
[335383.895] (II) modeset(0): Default color space is primary color space
[335383.895] (II) modeset(0): First detailed timing is preferred mode
[335383.895] (II) modeset(0): Preferred mode is native pixel format and refresh rate
[335383.895] (II) modeset(0): redX: 0.665 redY: 0.322   greenX: 0.297 greenY: 0.639
[335383.895] (II) modeset(0): blueX: 0.151 blueY: 0.062   whiteX: 0.313 whiteY: 0.329
[335383.895] (II) modeset(0): Supported established timings:
[335383.895] (II) modeset(0): 720x400@70Hz
[335383.895] (II) modeset(0): 640x480@60Hz
[335383.895] (II) modeset(0): 800x600@60Hz
[335383.895] (II) modeset(0): 1024x768@60Hz
[335383.895] (II) modeset(0): Manufacturer's mask: 0
[335383.895] (II) modeset(0): Supported standard timings:
[335383.895] (II) modeset(0): #0: hsize: 1280  vsize 720  refresh: 60  vid: 49281
[335383.895] (II) modeset(0): #1: hsize: 1280  vsize 800  refresh: 60  vid: 129
[335383.895] (II) modeset(0): #2: hsize: 1280  vsize 1024  refresh: 60  vid: 32897
[335383.895] (II) modeset(0): #3: hsize: 1440  vsize 900  refresh: 60  vid: 149
[335383.895] (II) modeset(0): #4: hsize: 1600  vsize 900  refresh: 60  vid: 49321
[335383.895] (II) modeset(0): #5: hsize: 1680  vsize 1050  refresh: 60  vid: 179
[335383.895] (II) modeset(0): #6: hsize: 1920  vsize 1080  refresh: 60  vid: 49361
[335383.895] (II) modeset(0): Supported detailed timing:
[335383.895] (II) modeset(0): clock: 319.8 MHz   Image Size:  797 x 334 mm
[335383.895] (II) modeset(0): h_active: 3440  h_sync: 3488  h_sync_end 3520 h_blank_end 3600 h_border: 0
[335383.895] (II) modeset(0): v_active: 1440  v_sync: 1443  v_sync_end 1453 v_blanking: 1481 v_border: 0
[335383.895] (II) modeset(0): Serial No: V30CAM0L
[335383.895] (II) modeset(0): Ranges: V min: 48 V max: 75 Hz, H min: 30 H max: 166 kHz, PixClock max 335 MHz
[335383.895] (II) modeset(0): Monitor name: T34w-30
[335383.895] (II) modeset(0): Supported detailed timing:
[335383.895] (II) modeset(0): clock: 148.5 MHz   Image Size:  797 x 334 mm
[335383.895] (II) modeset(0): h_active: 1920  h_sync: 2008  h_sync_end 2052 h_blank_end 2200 h_border: 0
[335383.895] (II) modeset(0): v_active: 1080  v_sync: 1084  v_sync_end 1089 v_blanking: 1125 v_border: 0
[335383.895] (II) modeset(0): Supported detailed timing:
[335383.895] (II) modeset(0): clock: 181.2 MHz   Image Size:  797 x 334 mm
[335383.895] (II) modeset(0): h_active: 2560  h_sync: 2608  h_sync_end 2640 h_blank_end 2720 h_border: 0
[335383.895] (II) modeset(0): v_active: 1080  v_sync: 1083  v_sync_end 1093 v_blanking: 1111 v_border: 0
[335383.895] (II) modeset(0): Supported detailed timing:
[335383.895] (II) modeset(0): clock: 319.8 MHz   Image Size:  797 x 334 mm
[335383.895] (II) modeset(0): h_active: 3440  h_sync: 3488  h_sync_end 3520 h_blank_end 3600 h_border: 0
[335383.895] (II) modeset(0): v_active: 1440  v_sync: 1443  v_sync_end 1453 v_blanking: 1481 v_border: 0
[335383.895] (II) modeset(0): Number of EDID sections to follow: 1
[335383.895] (II) modeset(0): EDID (in hex):
[335383.895] (II) modeset(0): 	00ffffffffffff0030aed4634c304d41
[335383.895] (II) modeset(0): 	16220104b55021783e62f5aa524ca326
[335383.895] (II) modeset(0): 	0f5054a1080081c0810081809500a9c0
[335383.895] (II) modeset(0): 	b300d1c00101e77c70a0d0a029503020
[335383.895] (II) modeset(0): 	3a001d4e3100001a000000ff00563330
[335383.895] (II) modeset(0): 	43414d304c0a20202020000000fd0030
[335383.895] (II) modeset(0): 	4b1ea621010a202020202020000000fc
[335383.895] (II) modeset(0): 	00543334772d33300a20202020200147
[335383.895] (II) modeset(0): 	020322f14a01030204901211131f4c23
[335383.895] (II) modeset(0): 	09070783010000e305c000e60605015a
[335383.895] (II) modeset(0): 	343d023a801871382d40582c45001d4e
[335383.895] (II) modeset(0): 	3100001ecd4600a0a0381f4030203a00
[335383.895] (II) modeset(0): 	1d4e3100001ae77c70a0d0a029503020
[335383.895] (II) modeset(0): 	3a001d4e3100001a0000000000000000
[335383.895] (II) modeset(0): 	00000000000000000000000000000000
[335383.895] (II) modeset(0): 	0000000000000000000000000000000d
[335383.895] (II) modeset(0): Printing probed modes for output DP-3
[335383.895] (II) modeset(0): Modeline "3440x1440"x60.0  319.75  3440 3488 3520 3600  1440 1443 1453 1481 +hsync -vsync (88.8 kHz eP)
[335383.895] (II) modeset(0): Modeline "2560x1080"x60.0  181.25  2560 2608 2640 2720  1080 1083 1093 1111 +hsync -vsync (66.6 kHz e)
[335383.895] (II) modeset(0): Modeline "1920x1080"x60.0  148.50  1920 2008 2052 2200  1080 1084 1089 1125 +hsync +vsync (67.5 kHz e)
[335383.895] (II) modeset(0): Modeline "1920x1080"x50.0  148.50  1920 2448 2492 2640  1080 1084 1089 1125 +hsync +vsync (56.2 kHz e)
[335383.895] (II) modeset(0): Modeline "1920x1080"x59.9  148.35  1920 2008 2052 2200  1080 1084 1089 1125 +hsync +vsync (67.4 kHz e)
[335383.895] (II) modeset(0): Modeline "1680x1050"x60.0  146.25  1680 1784 1960 2240  1050 1053 1059 1089 -hsync +vsync (65.3 kHz e)
[335383.895] (II) modeset(0): Modeline "1600x900"x60.0  108.00  1600 1624 1704 1800  900 901 904 1000 +hsync +vsync (60.0 kHz e)
[335383.895] (II) modeset(0): Modeline "1280x1024"x60.0  108.00  1280 1328 1440 1688  1024 1025 1028 1066 +hsync +vsync (64.0 kHz e)
[335383.895] (II) modeset(0): Modeline "1440x900"x59.9  106.50  1440 1520 1672 1904  900 903 909 934 -hsync +vsync (55.9 kHz e)
[335383.895] (II) modeset(0): Modeline "1280x800"x59.8   83.50  1280 1352 1480 1680  800 803 809 831 -hsync +vsync (49.7 kHz e)
[335383.895] (II) modeset(0): Modeline "1280x720"x60.0   74.25  1280 1390 1430 1650  720 725 730 750 +hsync +vsync (45.0 kHz e)
[335383.895] (II) modeset(0): Modeline "1280x720"x50.0   74.25  1280 1720 1760 1980  720 725 730 750 +hsync +vsync (37.5 kHz e)
[335383.895] (II) modeset(0): Modeline "1280x720"x59.9   74.18  1280 1390 1430 1650  720 725 730 750 +hsync +vsync (45.0 kHz e)
[335383.895] (II) modeset(0): Modeline "1024x768"x60.0   65.00  1024 1048 1184 1344  768 771 777 806 -hsync -vsync (48.4 kHz e)
[335383.895] (II) modeset(0): Modeline "800x600"x60.3   40.00  800 840 968 1056  600 601 605 628 +hsync +vsync (37.9 kHz e)
[335383.895] (II) modeset(0): Modeline "720x576"x50.0   27.00  720 732 796 864  576 581 586 625 -hsync -vsync (31.2 kHz e)
[335383.895] (II) modeset(0): Modeline "720x480"x60.0   27.03  720 736 798 858  480 489 495 525 -hsync -vsync (31.5 kHz e)
[335383.895] (II) modeset(0): Modeline "720x480"x59.9   27.00  720 736 798 858  480 489 495 525 -hsync -vsync (31.5 kHz e)
[335383.895] (II) modeset(0): Modeline "640x480"x60.0   25.20  640 656 752 800  480 490 492 525 -hsync -vsync (31.5 kHz e)
[335383.895] (II) modeset(0): Modeline "640x480"x59.9   25.18  640 656 752 800  480 490 492 525 -hsync -vsync (31.5 kHz e)
[335383.895] (II) modeset(0): Modeline "720x400"x70.1   28.32  720 738 846 900  400 412 414 449 -hsync +vsync (31.5 kHz e)
[335383.899] (II) modeset(0): EDID for output HDMI-3
[335383.899] (II) modeset(0): EDID for output HDMI-4
[335383.899] (II) modeset(0): Output DP-1 disconnected
[335383.899] (II) modeset(0): Output HDMI-1 disconnected
[335383.899] (II) modeset(0): Output DP-2 disconnected
[335383.899] (II) modeset(0): Output HDMI-2 disconnected
[335383.899] (II) modeset(0): Output DP-3 connected
[335383.899] (II) modeset(0): Output HDMI-3 disconnected
[335383.899] (II) modeset(0): Output HDMI-4 disconnected
[335383.899] (II) modeset(0): Using exact sizes for initial modes
[335383.899] (II) modeset(0): Output DP-3 using initial mode 3440x1440 +0+0
[335383.899] (==) modeset(0): Using gamma correction (1.0, 1.0, 1.0)
[335383.899] (==) modeset(0): DPI set to (96, 96)
[335383.899] (II) Loading sub module "fb"
[335383.899] (II) LoadModule: "fb"
[335383.899] (II) Loading /usr/lib/xorg/modules/libfb.so
[335383.899] (II) Module fb: vendor="X.Org Foundation"
[335383.899] 	compiled for 1.20.13, module version = 1.0.0
[335383.899] 	ABI class: X.Org ANSI C Emulation, version 0.4
[335383.899] (II) UnloadModule: "fbdev"
[335383.899] (II) Unloading fbdev
[335383.899] (II) UnloadSubModule: "fbdevhw"
[335383.899] (II) Unloading fbdevhw
[335383.899] (II) UnloadModule: "vesa"
[335383.899] (II) Unloading vesa
[335383.946] (==) modeset(0): Backing store enabled
[335383.946] (==) modeset(0): Silken mouse enabled
[335384.062] (II) modeset(0): Initializing kms color map for depth 24, 8 bpc.
[335384.063] (==) modeset(0): DPMS enabled
[335384.063] (II) modeset(0): [DRI2] Setup complete
[335384.063] (II) modeset(0): [DRI2]   DRI driver: iris
[335384.063] (II) modeset(0): [DRI2]   VDPAU driver: va_gl
[335384.063] (II) Initializing extension Generic Event Extension
[335384.063] (II) Initializing extension SHAPE
[335384.063] (II) Initializing extension MIT-SHM
[335384.063] (II) Initializing extension XInputExtension
[335384.067] (II) Initializing extension XTEST
[335384.067] (II) Initializing extension BIG-REQUESTS
[335384.067] (II) Initializing extension SYNC
[335384.067] (II) Initializing extension XKEYBOARD
[335384.067] (II) Initializing extension XC-MISC
[335384.068] (II) Initializing extension SECURITY
[335384.068] (II) Initializing extension XFIXES
[335384.068] (II) Initializing extension RENDER
[335384.068] (II) Initializing extension RANDR
[335384.069] (II) Initializing extension COMPOSITE
[335384.069] (II) Initializing extension DAMAGE
[335384.069] (II) Initializing extension MIT-SCREEN-SAVER
[335384.069] (II) Initializing extension DOUBLE-BUFFER
[335384.070] (II) Initializing extension RECORD
[335384.070] (II) Initializing extension DPMS
[335384.070] (II) Initializing extension Present
[335384.070] (II) Initializing extension DRI3
[335384.070] (II) Initializing extension X-Resource
[335384.071] (II) Initializing extension XVideo
[335384.071] (II) Initializing extension XVideo-MotionCompensation
[335384.071] (II) Initializing extension SELinux
[335384.071] (II) SELinux: Disabled on system
[335384.071] (II) Initializing extension GLX
[335384.082] (II) AIGLX: Loaded and initialized iris
[335384.082] (II) GLX: Initialized DRI2 GL provider for screen 0
[335384.082] (II) Initializing extension XFree86-VidModeExtension
[335384.082] (II) Initializing extension XFree86-DGA
[335384.082] (II) Initializing extension XFree86-DRI
[335384.082] (II) Initializing extension DRI2
[335384.083] (II) modeset(0): Damage tracking initialized
[335384.083] (II) modeset(0): Setting screen physical size to 910 x 381
[335384.104] (II) config/udev: Adding input device Power Button (/dev/input/event2)
[335384.104] (**) Power Button: Applying InputClass "libinput keyboard catchall"
[335384.104] (II) LoadModule: "libinput"
[335384.105] (II) Loading /usr/lib/xorg/modules/input/libinput_drv.so
[335384.105] (II) Module libinput: vendor="X.Org Foundation"
[335384.105] 	compiled for 1.20.4, module version = 0.29.0
[335384.105] 	Module class: X.Org XInput Driver
[335384.105] 	ABI class: X.Org XInput driver, version 24.1
[335384.105] (II) Using input driver 'libinput' for 'Power Button'
[335384.106] (II) systemd-logind: got fd for /dev/input/event2 13:66 fd 28 paused 0
[335384.106] (**) Power Button: always reports core events
[335384.106] (**) Option "Device" "/dev/input/event2"
[335384.106] (**) Option "_source" "server/udev"
[335384.107] (II) event2  - Power Button: is tagged by udev as: Keyboard
[335384.107] (II) event2  - Power Button: device is a keyboard
[335384.107] (II) event2  - Power Button: device removed
[335384.107] (**) Option "config_info" "udev:/sys/devices/LNXSYSTM:00/LNXPWRBN:00/input/input2/event2"
[335384.107] (II) XINPUT: Adding extended input device "Power Button" (type: KEYBOARD, id 6)
[335384.107] (**) Option "xkb_model" "pc105"
[335384.107] (**) Option "xkb_layout" "us,ru"
[335384.107] (**) Option "xkb_variant" ","
[335384.107] (**) Option "xkb_options" "grp_led:scroll"
[335384.117] (II) event2  - Power Button: is tagged by udev as: Keyboard
[335384.117] (II) event2  - Power Button: device is a keyboard
[335384.117] (II) config/udev: Adding input device Video Bus (/dev/input/event6)
[335384.117] (**) Video Bus: Applying InputClass "libinput keyboard catchall"
[335384.117] (II) Using input driver 'libinput' for 'Video Bus'
[335384.117] (II) systemd-logind: got fd for /dev/input/event6 13:70 fd 31 paused 0
[335384.117] (**) Video Bus: always reports core events
[335384.117] (**) Option "Device" "/dev/input/event6"
[335384.117] (**) Option "_source" "server/udev"
[335384.118] (II) event6  - Video Bus: is tagged by udev as: Keyboard
[335384.118] (II) event6  - Video Bus: device is a keyboard
[335384.118] (II) event6  - Video Bus: device removed
[335384.118] (**) Option "config_info" "udev:/sys/devices/LNXSYSTM:00/LNXSYBUS:00/PNP0A08:00/LNXVIDEO:00/input/input6/event6"
[335384.118] (II) XINPUT: Adding extended input device "Video Bus" (type: KEYBOARD, id 7)
[335384.118] (**) Option "xkb_model" "pc105"
[335384.118] (**) Option "xkb_layout" "us,ru"
[335384.118] (**) Option "xkb_variant" ","
[335384.118] (**) Option "xkb_options" "grp_led:scroll"
[335384.118] (II) event6  - Video Bus: is tagged by udev as: Keyboard
[335384.118] (II) event6  - Video Bus: device is a keyboard
[335384.118] (II) config/udev: Adding input device Power Button (/dev/input/event1)
[335384.118] (**) Power Button: Applying InputClass "libinput keyboard catchall"
[335384.118] (II) Using input driver 'libinput' for 'Power Button'
[335384.119] (II) systemd-logind: got fd for /dev/input/event1 13:65 fd 32 paused 0
[335384.119] (**) Power Button: always reports core events
[335384.119] (**) Option "Device" "/dev/input/event1"
[335384.119] (**) Option "_source" "server/udev"
[335384.119] (II) event1  - Power Button: is tagged by udev as: Keyboard
[335384.119] (II) event1  - Power Button: device is a keyboard
[335384.119] (II) event1  - Power Button: device removed
[335384.119] (**) Option "config_info" "udev:/sys/devices/LNXSYSTM:00/LNXSYBUS:00/PNP0C0C:00/input/input1/event1"
[335384.119] (II) XINPUT: Adding extended input device "Power Button" (type: KEYBOARD, id 8)
[335384.119] (**) Option "xkb_model" "pc105"
[335384.119] (**) Option "xkb_layout" "us,ru"
[335384.119] (**) Option "xkb_variant" ","
[335384.119] (**) Option "xkb_options" "grp_led:scroll"
[335384.119] (II) event1  - Power Button: is tagged by udev as: Keyboard
[335384.119] (II) event1  - Power Button: device is a keyboard
[335384.120] (II) config/udev: Adding input device Sleep Button (/dev/input/event0)
[335384.120] (**) Sleep Button: Applying InputClass "libinput keyboard catchall"
[335384.120] (II) Using input driver 'libinput' for 'Sleep Button'
[335384.120] (II) systemd-logind: got fd for /dev/input/event0 13:64 fd 33 paused 0
[335384.120] (**) Sleep Button: always reports core events
[335384.120] (**) Option "Device" "/dev/input/event0"
[335384.120] (**) Option "_source" "server/udev"
[335384.120] (II) event0  - Sleep Button: is tagged by udev as: Keyboard
[335384.120] (II) event0  - Sleep Button: device is a keyboard
[335384.120] (II) event0  - Sleep Button: device removed
[335384.120] (**) Option "config_info" "udev:/sys/devices/LNXSYSTM:00/LNXSYBUS:00/PNP0C0E:00/input/input0/event0"
[335384.120] (II) XINPUT: Adding extended input device "Sleep Button" (type: KEYBOARD, id 9)
[335384.120] (**) Option "xkb_model" "pc105"
[335384.120] (**) Option "xkb_layout" "us,ru"
[335384.120] (**) Option "xkb_variant" ","
[335384.120] (**) Option "xkb_options" "grp_led:scroll"
[335384.121] (II) event0  - Sleep Button: is tagged by udev as: Keyboard
[335384.121] (II) event0  - Sleep Button: device is a keyboard
[335384.121] (II) config/udev: Adding input device LiteOn Lenovo New Calliope USB Keyboard (/dev/input/event4)
[335384.121] (**) LiteOn Lenovo New Calliope USB Keyboard: Applying InputClass "libinput keyboard catchall"
[335384.121] (II) Using input driver 'libinput' for 'LiteOn Lenovo New Calliope USB Keyboard'
[335384.121] (II) systemd-logind: got fd for /dev/input/event4 13:68 fd 34 paused 0
[335384.122] (**) LiteOn Lenovo New Calliope USB Keyboard: always reports core events
[335384.122] (**) Option "Device" "/dev/input/event4"
[335384.122] (**) Option "_source" "server/udev"
[335384.122] (II) event4  - LiteOn Lenovo New Calliope USB Keyboard: is tagged by udev as: Keyboard
[335384.122] (II) event4  - LiteOn Lenovo New Calliope USB Keyboard: device is a keyboard
[335384.122] (II) event4  - LiteOn Lenovo New Calliope USB Keyboard: device removed
[335384.122] (**) Option "config_info" "udev:/sys/devices/pci0000:00/0000:00:14.0/usb1/1-10/1-10:1.0/0003:17EF:6100.0002/input/input4/event4"
[335384.122] (II) XINPUT: Adding extended input device "LiteOn Lenovo New Calliope USB Keyboard" (type: KEYBOARD, id 10)
[335384.122] (**) Option "xkb_model" "pc105"
[335384.122] (**) Option "xkb_layout" "us,ru"
[335384.122] (**) Option "xkb_variant" ","
[335384.122] (**) Option "xkb_options" "grp_led:scroll"
[335384.123] (II) event4  - LiteOn Lenovo New Calliope USB Keyboard: is tagged by udev as: Keyboard
[335384.123] (II) event4  - LiteOn Lenovo New Calliope USB Keyboard: device is a keyboard
[335384.123] (II) config/udev: Adding input device LiteOn Lenovo New Calliope USB Keyboard Consumer Control (/dev/input/event5)
[335384.123] (**) LiteOn Lenovo New Calliope USB Keyboard Consumer Control: Applying InputClass "libinput keyboard catchall"
[335384.123] (II) Using input driver 'libinput' for 'LiteOn Lenovo New Calliope USB Keyboard Consumer Control'
[335384.123] (II) systemd-logind: got fd for /dev/input/event5 13:69 fd 35 paused 0
[335384.123] (**) LiteOn Lenovo New Calliope USB Keyboard Consumer Control: always reports core events
[335384.123] (**) Option "Device" "/dev/input/event5"
[335384.123] (**) Option "_source" "server/udev"
[335384.124] (II) event5  - LiteOn Lenovo New Calliope USB Keyboard Consumer Control: is tagged by udev as: Keyboard Joystick
[335384.124] (II) event5  - LiteOn Lenovo New Calliope USB Keyboard Consumer Control: device is a keyboard
[335384.124] (II) event5  - LiteOn Lenovo New Calliope USB Keyboard Consumer Control: device removed
[335384.124] (**) Option "config_info" "udev:/sys/devices/pci0000:00/0000:00:14.0/usb1/1-10/1-10:1.1/0003:17EF:6100.0003/input/input5/event5"
[335384.124] (II) XINPUT: Adding extended input device "LiteOn Lenovo New Calliope USB Keyboard Consumer Control" (type: KEYBOARD, id 11)
[335384.124] (**) Option "xkb_model" "pc105"
[335384.124] (**) Option "xkb_layout" "us,ru"
[335384.124] (**) Option "xkb_variant" ","
[335384.124] (**) Option "xkb_options" "grp_led:scroll"
[335384.125] (II) event5  - LiteOn Lenovo New Calliope USB Keyboard Consumer Control: is tagged by udev as: Keyboard Joystick
[335384.125] (II) event5  - LiteOn Lenovo New Calliope USB Keyboard Consumer Control: device is a keyboard
[335384.125] (II) config/udev: Adding input device LiteOn Lenovo New Calliope USB Keyboard Consumer Control (/dev/input/js0)
[335384.125] (II) No input driver specified, ignoring this device.
[335384.125] (II) This device may have been added with another device file.
[335384.125] (II) config/udev: Adding input device PixArt Lenovo USB Optical Mouse (/dev/input/event3)
[335384.125] (**) PixArt Lenovo USB Optical Mouse: Applying InputClass "libinput pointer catchall"
[335384.125] (II) Using input driver 'libinput' for 'PixArt Lenovo USB Optical Mouse'
[335384.125] (II) systemd-logind: got fd for /dev/input/event3 13:67 fd 36 paused 0
[335384.126] (**) PixArt Lenovo USB Optical Mouse: always reports core events
[335384.126] (**) Option "Device" "/dev/input/event3"
[335384.126] (**) Option "_source" "server/udev"
[335384.126] (II) event3  - PixArt Lenovo USB Optical Mouse: is tagged by udev as: Mouse
[335384.126] (II) event3  - PixArt Lenovo USB Optical Mouse: device is a pointer
[335384.126] (II) event3  - PixArt Lenovo USB Optical Mouse: device removed
[335384.126] (**) Option "config_info" "udev:/sys/devices/pci0000:00/0000:00:14.0/usb1/1-6/1-6:1.0/0003:17EF:608D.0001/input/input3/event3"
[335384.126] (II) XINPUT: Adding extended input device "PixArt Lenovo USB Optical Mouse" (type: MOUSE, id 12)
[335384.126] (**) Option "AccelerationScheme" "none"
[335384.126] (**) PixArt Lenovo USB Optical Mouse: (accel) selected scheme none/0
[335384.126] (**) PixArt Lenovo USB Optical Mouse: (accel) acceleration factor: 2.000
[335384.126] (**) PixArt Lenovo USB Optical Mouse: (accel) acceleration threshold: 4
[335384.127] (II) event3  - PixArt Lenovo USB Optical Mouse: is tagged by udev as: Mouse
[335384.127] (II) event3  - PixArt Lenovo USB Optical Mouse: device is a pointer
[335384.127] (II) config/udev: Adding input device PixArt Lenovo USB Optical Mouse (/dev/input/mouse0)
[335384.127] (II) No input driver specified, ignoring this device.
[335384.127] (II) This device may have been added with another device file.
[335384.127] (II) config/udev: Adding input device HDA Intel PCH HDMI/DP,pcm=7 (/dev/input/event10)
[335384.127] (II) No input driver specified, ignoring this device.
[335384.127] (II) This device may have been added with another device file.
[335384.127] (II) config/udev: Adding input device HDA Intel PCH HDMI/DP,pcm=8 (/dev/input/event11)
[335384.127] (II) No input driver specified, ignoring this device.
[335384.127] (II) This device may have been added with another device file.
[335384.128] (II) config/udev: Adding input device HDA Intel PCH HDMI/DP,pcm=9 (/dev/input/event12)
[335384.128] (II) No input driver specified, ignoring this device.
[335384.128] (II) This device may have been added with another device file.
[335384.128] (II) config/udev: Adding input device HDA Intel PCH HDMI/DP,pcm=10 (/dev/input/event13)
[335384.128] (II) No input driver specified, ignoring this device.
[335384.128] (II) This device may have been added with another device file.
[335384.128] (II) config/udev: Adding input device HDA Intel PCH HDMI/DP,pcm=11 (/dev/input/event14)
[335384.128] (II) No input driver specified, ignoring this device.
[335384.128] (II) This device may have been added with another device file.
[335384.128] (II) config/udev: Adding input device HDA Intel PCH HDMI/DP,pcm=12 (/dev/input/event15)
[335384.128] (II) No input driver specified, ignoring this device.
[335384.128] (II) This device may have been added with another device file.
[335384.128] (II) config/udev: Adding input device HDA Intel PCH HDMI/DP,pcm=13 (/dev/input/event16)
[335384.128] (II) No input driver specified, ignoring this device.
[335384.128] (II) This device may have been added with another device file.
[335384.128] (II) config/udev: Adding input device HDA Intel PCH HDMI/DP,pcm=14 (/dev/input/event17)
[335384.128] (II) No input driver specified, ignoring this device.
[335384.128] (II) This device may have been added with another device file.
[335384.128] (II) config/udev: Adding input device HDA Intel PCH HDMI/DP,pcm=15 (/dev/input/event18)
[335384.128] (II) No input driver specified, ignoring this device.
[335384.128] (II) This device may have been added with another device file.
[335384.128] (II) config/udev: Adding input device HDA Intel PCH HDMI/DP,pcm=16 (/dev/input/event19)
[335384.128] (II) No input driver specified, ignoring this device.
[335384.128] (II) This device may have been added with another device file.
[335384.128] (II) config/udev: Adding input device HDA Intel PCH HDMI/DP,pcm=17 (/dev/input/event20)
[335384.128] (II) No input driver specified, ignoring this device.
[335384.128] (II) This device may have been added with another device file.
[335384.129] (II) config/udev: Adding input device HDA Intel PCH Mic (/dev/input/event7)
[335384.129] (II) No input driver specified, ignoring this device.
[335384.129] (II) This device may have been added with another device file.
[335384.129] (II) config/udev: Adding input device HDA Intel PCH Headphone (/dev/input/event8)
[335384.129] (II) No input driver specified, ignoring this device.
[335384.129] (II) This device may have been added with another device file.
[335384.129] (II) config/udev: Adding input device HDA Intel PCH HDMI/DP,pcm=3 (/dev/input/event9)
[335384.129] (II) No input driver specified, ignoring this device.
[335384.129] (II) This device may have been added with another device file.
[335384.655] (II) modeset(0): EDID vendor "LEN", prod id 25556
[335384.655] (II) modeset(0): Using EDID range info for horizontal sync
[335384.655] (II) modeset(0): Using EDID range info for vertical refresh
[335384.655] (II) modeset(0): Printing DDC gathered Modelines:
[335384.655] (II) modeset(0): Modeline "3440x1440"x0.0  319.75  3440 3488 3520 3600  1440 1443 1453 1481 +hsync -vsync (88.8 kHz eP)
[335384.655] (II) modeset(0): Modeline "1920x1080"x0.0  148.50  1920 2008 2052 2200  1080 1084 1089 1125 +hsync +vsync (67.5 kHz e)
[335384.655] (II) modeset(0): Modeline "2560x1080"x0.0  181.25  2560 2608 2640 2720  1080 1083 1093 1111 +hsync -vsync (66.6 kHz e)
[335384.655] (II) modeset(0): Modeline "640x480"x0.0   25.18  640 656 752 800  480 490 492 525 -hsync -vsync (31.5 kHz e)
[335384.655] (II) modeset(0): Modeline "720x480"x0.0   27.00  720 736 798 858  480 489 495 525 -hsync -vsync (31.5 kHz e)
[335384.655] (II) modeset(0): Modeline "1280x720"x0.0   74.25  1280 1390 1430 1650  720 725 730 750 +hsync +vsync (45.0 kHz e)
[335384.655] (II) modeset(0): Modeline "720x576"x0.0   27.00  720 732 796 864  576 581 586 625 -hsync -vsync (31.2 kHz e)
[335384.655] (II) modeset(0): Modeline "1280x720"x0.0   74.25  1280 1720 1760 1980  720 725 730 750 +hsync +vsync (37.5 kHz e)
[335384.655] (II) modeset(0): Modeline "1920x1080"x0.0  148.50  1920 2448 2492 2640  1080 1084 1089 1125 +hsync +vsync (56.2 kHz e)
[335384.655] (II) modeset(0): Modeline "800x600"x0.0   40.00  800 840 968 1056  600 601 605 628 +hsync +vsync (37.9 kHz e)
[335384.655] (II) modeset(0): Modeline "720x400"x0.0   28.32  720 738 846 900  400 412 414 449 -hsync +vsync (31.5 kHz e)
[335384.655] (II) modeset(0): Modeline "1024x768"x0.0   65.00  1024 1048 1184 1344  768 771 777 806 -hsync -vsync (48.4 kHz e)
[335384.655] (II) modeset(0): Modeline "1280x800"x0.0   83.50  1280 1352 1480 1680  800 803 809 831 -hsync +vsync (49.7 kHz e)
[335384.655] (II) modeset(0): Modeline "1280x1024"x0.0  108.00  1280 1328 1440 1688  1024 1025 1028 1066 +hsync +vsync (64.0 kHz e)
[335384.655] (II) modeset(0): Modeline "1440x900"x0.0  106.50  1440 1520 1672 1904  900 903 909 934 -hsync +vsync (55.9 kHz e)
[335384.655] (II) modeset(0): Modeline "1600x900"x60.0  119.00  1600 1696 1864 2128  900 901 904 932 -hsync +vsync (55.9 kHz e)
[335384.655] (II) modeset(0): Modeline "1680x1050"x0.0  146.25  1680 1784 1960 2240  1050 1053 1059 1089 -hsync +vsync (65.3 kHz e)
[335385.978] (II) modeset(0): EDID vendor "LEN", prod id 25556
[335385.978] (II) modeset(0): Using hsync ranges from config file
[335385.978] (II) modeset(0): Using vrefresh ranges from config file
[335385.978] (II) modeset(0): Printing DDC gathered Modelines:
[335385.978] (II) modeset(0): Modeline "3440x1440"x0.0  319.75  3440 3488 3520 3600  1440 1443 1453 1481 +hsync -vsync (88.8 kHz eP)
[335385.978] (II) modeset(0): Modeline "1920x1080"x0.0  148.50  1920 2008 2052 2200  1080 1084 1089 1125 +hsync +vsync (67.5 kHz e)
[335385.978] (II) modeset(0): Modeline "2560x1080"x0.0  181.25  2560 2608 2640 2720  1080 1083 1093 1111 +hsync -vsync (66.6 kHz e)
[335385.978] (II) modeset(0): Modeline "640x480"x0.0   25.18  640 656 752 800  480 490 492 525 -hsync -vsync (31.5 kHz e)
[335385.978] (II) modeset(0): Modeline "720x480"x0.0   27.00  720 736 798 858  480 489 495 525 -hsync -vsync (31.5 kHz e)
[335385.978] (II) modeset(0): Modeline "1280x720"x0.0   74.25  1280 1390 1430 1650  720 725 730 750 +hsync +vsync (45.0 kHz e)
[335385.978] (II) modeset(0): Modeline "720x576"x0.0   27.00  720 732 796 864  576 581 586 625 -hsync -vsync (31.2 kHz e)
[335385.978] (II) modeset(0): Modeline "1280x720"x0.0   74.25  1280 1720 1760 1980  720 725 730 750 +hsync +vsync (37.5 kHz e)
[335385.978] (II) modeset(0): Modeline "1920x1080"x0.0  148.50  1920 2448 2492 2640  1080 1084 1089 1125 +hsync +vsync (56.2 kHz e)
[335385.978] (II) modeset(0): Modeline "800x600"x0.0   40.00  800 840 968 1056  600 601 605 628 +hsync +vsync (37.9 kHz e)
[335385.978] (II) modeset(0): Modeline "720x400"x0.0   28.32  720 738 846 900  400 412 414 449 -hsync +vsync (31.5 kHz e)
[335385.978] (II) modeset(0): Modeline "1024x768"x0.0   65.00  1024 1048 1184 1344  768 771 777 806 -hsync -vsync (48.4 kHz e)
[335385.978] (II) modeset(0): Modeline "1280x800"x0.0   83.50  1280 1352 1480 1680  800 803 809 831 -hsync +vsync (49.7 kHz e)
[335385.978] (II) modeset(0): Modeline "1280x1024"x0.0  108.00  1280 1328 1440 1688  1024 1025 1028 1066 +hsync +vsync (64.0 kHz e)
[335385.978] (II) modeset(0): Modeline "1440x900"x0.0  106.50  1440 1520 1672 1904  900 903 909 934 -hsync +vsync (55.9 kHz e)
[335385.978] (II) modeset(0): Modeline "1600x900"x60.0  119.00  1600 1696 1864 2128  900 901 904 932 -hsync +vsync (55.9 kHz e)
[335385.978] (II) modeset(0): Modeline "1680x1050"x0.0  146.25  1680 1784 1960 2240  1050 1053 1059 1089 -hsync +vsync (65.3 kHz e)
[335386.284] (II) modeset(0): EDID vendor "LEN", prod id 25556
[335386.284] (II) modeset(0): Using hsync ranges from config file
[335386.284] (II) modeset(0): Using vrefresh ranges from config file
[335386.284] (II) modeset(0): Printing DDC gathered Modelines:
[335386.284] (II) modeset(0): Modeline "3440x1440"x0.0  319.75  3440 3488 3520 3600  1440 1443 1453 1481 +hsync -vsync (88.8 kHz eP)
[335386.284] (II) modeset(0): Modeline "1920x1080"x0.0  148.50  1920 2008 2052 2200  1080 1084 1089 1125 +hsync +vsync (67.5 kHz e)
[335386.284] (II) modeset(0): Modeline "2560x1080"x0.0  181.25  2560 2608 2640 2720  1080 1083 1093 1111 +hsync -vsync (66.6 kHz e)
[335386.284] (II) modeset(0): Modeline "640x480"x0.0   25.18  640 656 752 800  480 490 492 525 -hsync -vsync (31.5 kHz e)
[335386.284] (II) modeset(0): Modeline "720x480"x0.0   27.00  720 736 798 858  480 489 495 525 -hsync -vsync (31.5 kHz e)
[335386.284] (II) modeset(0): Modeline "1280x720"x0.0   74.25  1280 1390 1430 1650  720 725 730 750 +hsync +vsync (45.0 kHz e)
[335386.284] (II) modeset(0): Modeline "720x576"x0.0   27.00  720 732 796 864  576 581 586 625 -hsync -vsync (31.2 kHz e)
[335386.284] (II) modeset(0): Modeline "1280x720"x0.0   74.25  1280 1720 1760 1980  720 725 730 750 +hsync +vsync (37.5 kHz e)
[335386.284] (II) modeset(0): Modeline "1920x1080"x0.0  148.50  1920 2448 2492 2640  1080 1084 1089 1125 +hsync +vsync (56.2 kHz e)
[335386.284] (II) modeset(0): Modeline "800x600"x0.0   40.00  800 840 968 1056  600 601 605 628 +hsync +vsync (37.9 kHz e)
[335386.284] (II) modeset(0): Modeline "720x400"x0.0   28.32  720 738 846 900  400 412 414 449 -hsync +vsync (31.5 kHz e)
[335386.284] (II) modeset(0): Modeline "1024x768"x0.0   65.00  1024 1048 1184 1344  768 771 777 806 -hsync -vsync (48.4 kHz e)
[335386.284] (II) modeset(0): Modeline "1280x800"x0.0   83.50  1280 1352 1480 1680  800 803 809 831 -hsync +vsync (49.7 kHz e)
[335386.284] (II) modeset(0): Modeline "1280x1024"x0.0  108.00  1280 1328 1440 1688  1024 1025 1028 1066 +hsync +vsync (64.0 kHz e)
[335386.284] (II) modeset(0): Modeline "1440x900"x0.0  106.50  1440 1520 1672 1904  900 903 909 934 -hsync +vsync (55.9 kHz e)
[335386.284] (II) modeset(0): Modeline "1600x900"x60.0  119.00  1600 1696 1864 2128  900 901 904 932 -hsync +vsync (55.9 kHz e)
[335386.284] (II) modeset(0): Modeline "1680x1050"x0.0  146.25  1680 1784 1960 2240  1050 1053 1059 1089 -hsync +vsync (65.3 kHz e)
[335389.793] (II) modeset(0): EDID vendor "LEN", prod id 25556
[335389.793] (II) modeset(0): Using hsync ranges from config file
[335389.793] (II) modeset(0): Using vrefresh ranges from config file
[335389.793] (II) modeset(0): Printing DDC gathered Modelines:
[335389.793] (II) modeset(0): Modeline "3440x1440"x0.0  319.75  3440 3488 3520 3600  1440 1443 1453 1481 +hsync -vsync (88.8 kHz eP)
[335389.794] (II) modeset(0): Modeline "1920x1080"x0.0  148.50  1920 2008 2052 2200  1080 1084 1089 1125 +hsync +vsync (67.5 kHz e)
[335389.794] (II) modeset(0): Modeline "2560x1080"x0.0  181.25  2560 2608 2640 2720  1080 1083 1093 1111 +hsync -vsync (66.6 kHz e)
[335389.794] (II) modeset(0): Modeline "640x480"x0.0   25.18  640 656 752 800  480 490 492 525 -hsync -vsync (31.5 kHz e)
[335389.794] (II) modeset(0): Modeline "720x480"x0.0   27.00  720 736 798 858  480 489 495 525 -hsync -vsync (31.5 kHz e)
[335389.794] (II) modeset(0): Modeline "1280x720"x0.0   74.25  1280 1390 1430 1650  720 725 730 750 +hsync +vsync (45.0 kHz e)
[335389.794] (II) modeset(0): Modeline "720x576"x0.0   27.00  720 732 796 864  576 581 586 625 -hsync -vsync (31.2 kHz e)
[335389.794] (II) modeset(0): Modeline "1280x720"x0.0   74.25  1280 1720 1760 1980  720 725 730 750 +hsync +vsync (37.5 kHz e)
[335389.794] (II) modeset(0): Modeline "1920x1080"x0.0  148.50  1920 2448 2492 2640  1080 1084 1089 1125 +hsync +vsync (56.2 kHz e)
[335389.794] (II) modeset(0): Modeline "800x600"x0.0   40.00  800 840 968 1056  600 601 605 628 +hsync +vsync (37.9 kHz e)
[335389.794] (II) modeset(0): Modeline "720x400"x0.0   28.32  720 738 846 900  400 412 414 449 -hsync +vsync (31.5 kHz e)
[335389.794] (II) modeset(0): Modeline "1024x768"x0.0   65.00  1024 1048 1184 1344  768 771 777 806 -hsync -vsync (48.4 kHz e)
[335389.794] (II) modeset(0): Modeline "1280x800"x0.0   83.50  1280 1352 1480 1680  800 803 809 831 -hsync +vsync (49.7 kHz e)
[335389.794] (II) modeset(0): Modeline "1280x1024"x0.0  108.00  1280 1328 1440 1688  1024 1025 1028 1066 +hsync +vsync (64.0 kHz e)
[335389.794] (II) modeset(0): Modeline "1440x900"x0.0  106.50  1440 1520 1672 1904  900 903 909 934 -hsync +vsync (55.9 kHz e)
[335389.794] (II) modeset(0): Modeline "1600x900"x60.0  119.00  1600 1696 1864 2128  900 901 904 932 -hsync +vsync (55.9 kHz e)
[335389.794] (II) modeset(0): Modeline "1680x1050"x0.0  146.25  1680 1784 1960 2240  1050 1053 1059 1089 -hsync +vsync (65.3 kHz e)
