2026-05-04 12:08:30.941 [info] Reading sessions from keychain...
2026-05-04 12:08:30.941 [info] Getting sessions for all scopes...
2026-05-04 12:08:30.941 [info] Getting sessions for all scopes...
2026-05-04 12:08:30.941 [info] Getting sessions for all scopes...
2026-05-04 12:08:30.947 [info] Getting sessions for all scopes...
2026-05-04 12:08:30.947 [info] Getting sessions for all scopes...
2026-05-04 12:08:30.948 [info] Getting sessions for all scopes...
2026-05-04 12:08:30.948 [info] Getting sessions for all scopes...
2026-05-04 12:08:30.948 [info] Getting sessions for all scopes...
2026-05-04 12:08:31.016 [info] Getting sessions for all scopes...
2026-05-04 12:08:31.911 [info] Got 0 sessions for ...
2026-05-04 12:08:31.911 [info] Got 0 sessions for ...
2026-05-04 12:08:31.911 [info] Got 0 sessions for ...
2026-05-04 12:08:31.911 [info] Got 0 sessions for ...
2026-05-04 12:08:31.911 [info] Got 0 sessions for ...
2026-05-04 12:08:31.911 [info] Got 0 sessions for ...
2026-05-04 12:08:31.911 [info] Got 0 sessions for ...
2026-05-04 12:08:31.911 [info] Got 0 sessions for ...
2026-05-04 12:08:31.911 [info] Got 0 sessions for ...
2026-05-04 12:08:31.912 [info] Getting sessions for all scopes...
2026-05-04 12:08:31.912 [info] Got 0 sessions for ...
2026-05-04 12:08:31.916 [info] Getting sessions for all scopes...
2026-05-04 12:08:31.916 [info] Got 0 sessions for ...
2026-05-04 12:08:31.916 [info] Getting sessions for all scopes...
2026-05-04 12:08:31.916 [info] Got 0 sessions for ...
2026-05-04 12:08:31.916 [info] Getting sessions for all scopes...
2026-05-04 12:08:31.916 [info] Got 0 sessions for ...
2026-05-04 12:08:31.916 [info] Getting sessions for all scopes...
2026-05-04 12:08:31.916 [info] Got 0 sessions for ...
2026-05-04 12:08:31.917 [info] Getting sessions for all scopes...
2026-05-04 12:08:31.917 [info] Got 0 sessions for ...
2026-05-04 12:08:33.024 [info] Getting sessions for all scopes...
2026-05-04 12:08:33.024 [info] Got 0 sessions for ...
2026-05-04 12:08:36.002 [info] Reading sessions from keychain...
2026-05-04 12:08:36.002 [info] Getting sessions for all scopes...
2026-05-04 12:08:36.002 [info] Getting sessions for all scopes...
2026-05-04 12:08:36.002 [info] Getting sessions for all scopes...
2026-05-04 12:08:36.002 [info] Getting sessions for all scopes...
2026-05-04 12:08:36.002 [info] Getting sessions for all scopes...
2026-05-04 12:08:36.002 [info] Getting sessions for all scopes...
2026-05-04 12:08:36.002 [info] Getting sessions for all scopes...
2026-05-04 12:08:36.002 [info] Getting sessions for all scopes...
2026-05-04 12:08:36.002 [info] Getting sessions for all scopes...
2026-05-04 12:08:36.023 [info] Got 0 sessions for ...
2026-05-04 12:08:36.023 [info] Got 0 sessions for ...
2026-05-04 12:08:36.023 [info] Got 0 sessions for ...
2026-05-04 12:08:36.023 [info] Got 0 sessions for ...
2026-05-04 12:08:36.023 [info] Got 0 sessions for ...
2026-05-04 12:08:36.023 [info] Got 0 sessions for ...
2026-05-04 12:08:36.023 [info] Got 0 sessions for ...
2026-05-04 12:08:36.023 [info] Got 0 sessions for ...
2026-05-04 12:08:36.023 [info] Got 0 sessions for ...
2026-05-04 12:08:36.041 [info] Getting sessions for all scopes...
2026-05-04 12:08:36.041 [info] Got 0 sessions for ...
2026-05-04 12:08:36.041 [info] Getting sessions for all scopes...
2026-05-04 12:08:36.042 [info] Got 0 sessions for ...
2026-05-04 12:08:36.042 [info] Getting sessions for all scopes...
2026-05-04 12:08:36.042 [info] Got 0 sessions for ...
2026-05-04 12:08:36.042 [info] Getting sessions for all scopes...
2026-05-04 12:08:36.042 [info] Got 0 sessions for ...
2026-05-04 12:08:36.042 [info] Getting sessions for all scopes...
2026-05-04 12:08:36.042 [info] Got 0 sessions for ...
2026-05-04 12:08:36.042 [info] Getting sessions for all scopes...
2026-05-04 12:08:36.042 [info] Got 0 sessions for ...
2026-05-04 12:08:37.061 [info] Getting sessions for read:user,repo,user:email,workflow...
2026-05-04 12:08:37.061 [info] Got 0 sessions for read:user,repo,user:email,workflow...
2026-05-04 12:08:38.165 [info] Getting sessions for all scopes...
2026-05-04 12:08:38.165 [info] Got 0 sessions for ...
